PRT1
92
235
4 0 3 (1152 1024 1152 ) (1024 1024 1152 ) (1024 1024 -1216 ) (1152 1024 -1216 ) 
4 0 2 (1664 1024 1152 ) (1152 1024 1152 ) (1152 1024 -1216 ) (1664 1024 -1216 ) 
4 0 1 (1024 1024 -1216 ) (1024 1024 1152 ) (1024 1280 1152 ) (1024 1280 -1216 ) 
4 1 30 (0 1024 -1216 ) (0 1024 1152 ) (0 1280 1152 ) (0 1280 -1216 ) 
4 1 29 (1024 1024 -1216 ) (1024 1024 -256 ) (0 1024 -256 ) (0 1024 -1216 ) 
4 1 28 (1024 1024 -256 ) (1024 1024 -128 ) (0 1024 -128 ) (0 1024 -256 ) 
4 1 12 (1024 1024 -128 ) (1024 1024 -16 ) (0 1024 -16 ) (0 1024 -128 ) 
4 1 10 (576 1024 1152 ) (0 1024 1152 ) (0 1024 -16 ) (576 1024 -16 ) 
4 1 6 (1024 1024 -16 ) (1024 1024 1152 ) (576 1024 1152 ) (576 1024 -16 ) 
4 2 46 (1664 0 1152 ) (1152 0 1152 ) (1152 0 -1216 ) (1664 0 -1216 ) 
4 2 4 (1152 0 -128 ) (1152 0 1152 ) (1152 448 1152 ) (1152 448 -128 ) 
4 2 5 (1152 448 -1216 ) (1152 0 -1216 ) (1152 0 -256 ) (1152 448 -256 ) 
4 2 3 (1152 1024 -1216 ) (1152 448 -1216 ) (1152 448 1152 ) (1152 1024 1152 ) 
4 3 29 (1024 1024 -256 ) (1024 1024 -1216 ) (1024 448 -1216 ) (1024 448 -256 ) 
4 3 28 (1024 1024 -128 ) (1024 1024 -256 ) (1024 448 -256 ) (1024 448 -128 ) 
4 3 12 (1024 1024 -16 ) (1024 1024 -128 ) (1024 448 -128 ) (1024 448 -16 ) 
4 3 6 (1024 1024 1152 ) (1024 1024 -16 ) (1024 448 -16 ) (1024 448 1152 ) 
4 3 4 (1152 448 -128 ) (1152 448 1152 ) (1024 448 1152 ) (1024 448 -128 ) 
4 3 5 (1024 448 -1216 ) (1152 448 -1216 ) (1152 448 -256 ) (1024 448 -256 ) 
4 4 47 (1152 0 1152 ) (1024 0 1152 ) (1024 0 -128 ) (1152 0 -128 ) 
4 4 27 (1024 0 -128 ) (1024 0 -16 ) (1024 8 -16 ) (1024 8 -128 ) 
4 4 24 (1024 8 -16 ) (1024 48 -16 ) (1024 48 -128 ) (1024 8 -128 ) 
4 4 15 (1024 48 -16 ) (1024 60 -16 ) (1024 60 -128 ) (1024 48 -128 ) 
4 4 13 (1024 60 -16 ) (1024 64 -16 ) (1024 64 -128 ) (1024 60 -128 ) 
4 4 12 (1024 64 -16 ) (1024 448 -16 ) (1024 448 -128 ) (1024 64 -128 ) 
4 4 7 (1024 0 -16 ) (1024 0 1152 ) (1024 8 1152 ) (1024 8 -16 ) 
4 4 6 (1024 8 1152 ) (1024 448 1152 ) (1024 448 -16 ) (1024 8 -16 ) 
4 5 48 (1024 0 -256 ) (1024 0 -1216 ) (1152 0 -1216 ) (1152 0 -256 ) 
4 5 29 (1024 448 -1216 ) (1024 0 -1216 ) (1024 0 -256 ) (1024 448 -256 ) 
4 6 24 (588 48 -16 ) (1024 48 -16 ) (1024 8 -16 ) (588 8 -16 ) 
4 6 15 (588 60 -16 ) (1024 60 -16 ) (1024 48 -16 ) (588 48 -16 ) 
4 6 13 (588 64 -16 ) (1024 64 -16 ) (1024 60 -16 ) (588 60 -16 ) 
4 6 12 (576 64 -16 ) (576 1024 -16 ) (1024 1024 -16 ) (1024 64 -16 ) 
4 6 11 (576 8 0 ) (576 8 1152 ) (576 64 1152 ) (576 64 0 ) 
4 6 10 (576 1024 -16 ) (576 64 -16 ) (576 64 1152 ) (576 1024 1152 ) 
4 6 9 (576 8 -10 ) (584.949097 8 -16 ) (588 8 -16 ) (588 8 -10 ) 
4 6 8 (588 8 1152 ) (576 8 1152 ) (576 8 -8 ) (588 8 -8 ) 
4 6 7 (1024 8 1152 ) (588 8 1152 ) (588 8 -16 ) (1024 8 -16 ) 
4 7 52 (1024 0 -16 ) (1024 0 -10 ) (588 0 -10 ) (588 0 -16 ) 
4 7 50 (1024 0 -10 ) (1024 0 1152 ) (588 0 1152 ) (588 0 -10 ) 
4 7 27 (1024 0 -16 ) (588 0 -16 ) (588 8 -16 ) (1024 8 -16 ) 
4 7 9 (588 8 -10 ) (588 8 -16 ) (588 0 -16 ) (588 0 -10 ) 
4 7 8 (588 8 1152 ) (588 8 -8 ) (588 0 -8 ) (588 0 1152 ) 
4 8 51 (588 0 1152 ) (576 0 1152 ) (576 0 -8 ) (588 0 -8 ) 
4 8 11 (576 0 0 ) (576 0 1152 ) (576 8 1152 ) (576 8 0 ) 
4 9 52 (576 0 -10 ) (584.949097 0 -16 ) (588 0 -16 ) (588 0 -10 ) 
4 9 27 (588 0 -16 ) (584.949097 0 -16 ) (584.949097 8 -16 ) (588 8 -16 ) 
4 10 33 (0 80 16 ) (0 80 -16 ) (0 64 -16 ) (0 64 16 ) 
4 10 32 (0 64 1152 ) (0 80 1152 ) (0 80 16 ) (0 64 16 ) 
4 10 31 (0 80 1152 ) (0 1024 1152 ) (0 1024 -16 ) (0 80 -16 ) 
4 10 12 (0 64 -16 ) (0 1024 -16 ) (576 1024 -16 ) (576 64 -16 ) 
4 10 11 (576 64 0 ) (576 64 1152 ) (0 64 1152 ) (0 64 0 ) 
4 11 54 (0 0 1152 ) (0 0 0 ) (576 0 0 ) (576 0 1152 ) 
4 11 34 (0 0 0 ) (0 0 16 ) (0 64 16 ) (0 64 0 ) 
4 11 32 (0 0 16 ) (0 0 1152 ) (0 64 1152 ) (0 64 16 ) 
4 12 33 (0 64 -16 ) (0 80 -16 ) (0 80 -128 ) (0 64 -128 ) 
4 12 31 (0 80 -16 ) (0 1024 -16 ) (0 1024 -128 ) (0 80 -128 ) 
4 12 28 (1024 1024 -128 ) (1024 448 -128 ) (0 448 -128 ) (0 1024 -128 ) 
4 12 13 (588 64 -128 ) (1024 64 -128 ) (1024 64 -16 ) (588 64 -16 ) 
4 12 14 (32 64 -128 ) (576 64 -128 ) (576 64 -16 ) (32 64 -16 ) 
4 13 15 (588 60 -128 ) (1024 60 -128 ) (1024 60 -16 ) (588 60 -16 ) 
4 14 22 (120 60 -128 ) (184 60 -128 ) (184 60 -16 ) (120 60 -16 ) 
4 14 23 (44 60 -128 ) (108 60 -128 ) (108 60 -16 ) (44 60 -16 ) 
4 14 21 (196 60 -128 ) (260 60 -128 ) (260 60 -16 ) (196 60 -16 ) 
4 14 20 (272 60 -128 ) (336 60 -128 ) (336 60 -16 ) (272 60 -16 ) 
4 14 19 (348 60 -128 ) (412 60 -128 ) (412 60 -16 ) (348 60 -16 ) 
4 14 18 (424 60 -128 ) (488 60 -128 ) (488 60 -16 ) (424 60 -16 ) 
4 14 16 (572 60 -128 ) (576 60 -128 ) (576 60 -16 ) (572 60 -16 ) 
4 14 17 (500 60 -128 ) (560 60 -128 ) (560 60 -16 ) (500 60 -16 ) 
4 15 24 (588 48 -128 ) (1024 48 -128 ) (1024 48 -16 ) (588 48 -16 ) 
4 16 25 (572 48 -128 ) (576 48 -128 ) (576 48 -16 ) (572 48 -16 ) 
5 24 27 (752 8 -128 ) (1024 8 -128 ) (1024 8 -16 ) (588 8 -16 ) (588 8 -18.045490 ) 
3 24 26 (588 8 -128 ) (740.266663 8 -128 ) (588 8 -24.181816 ) 
4 25 26 (560 8 -128 ) (576 8 -128 ) (576 8 -16 ) (560 8 -16 ) 
4 26 56 (576 0 -16 ) (560 0 -16 ) (560 0 -128 ) (740.266663 0 -128 ) 
4 27 57 (1024 0 -128 ) (1024 0 -16 ) (584.949097 0 -16 ) (752 0 -128 ) 
4 28 39 (0 448 -128 ) (0 1024 -128 ) (0 1024 -256 ) (0 448 -256 ) 
4 28 29 (0 448 -256 ) (0 1024 -256 ) (1024 1024 -256 ) (1024 448 -256 ) 
4 29 69 (1024 0 -1216 ) (1024 0 -256 ) (0 0 -256 ) (0 0 -1216 ) 
4 29 40 (0 0 -1216 ) (0 0 -256 ) (0 448 -256 ) (0 448 -1216 ) 
4 29 39 (0 448 -256 ) (0 1024 -256 ) (0 1024 -1216 ) (0 448 -1216 ) 
4 30 41 (-1024 1024 -1216 ) (-1024 1024 1152 ) (-1024 1280 1152 ) (-1024 1280 -1216 ) 
4 30 39 (0 1024 -1216 ) (0 1024 -128 ) (-1024 1024 -128 ) (-1024 1024 -1216 ) 
4 30 37 (-256 1024 -128 ) (-192 1024 -128 ) (-192 1024 576 ) (-256 1024 576 ) 
4 30 38 (-1024 1024 576 ) (-1024 1024 -128 ) (-256 1024 -128 ) (-256 1024 576 ) 
4 30 36 (-192 1024 1152 ) (-1024 1024 1152 ) (-1024 1024 576 ) (-192 1024 576 ) 
4 30 31 (0 1024 -128 ) (0 1024 1152 ) (-192 1024 1152 ) (-192 1024 -128 ) 
4 31 39 (-192 448 -128 ) (-192 1024 -128 ) (0 1024 -128 ) (0 448 -128 ) 
4 31 37 (-192 1024 -128 ) (-192 448 -128 ) (-192 448 576 ) (-192 1024 576 ) 
4 31 36 (-192 80 576 ) (-192 80 1152 ) (-192 1024 1152 ) (-192 1024 576 ) 
4 31 33 (-160 80 -128 ) (0 80 -128 ) (0 80 16 ) (-160 80 16 ) 
4 31 32 (0 80 1152 ) (-192 80 1152 ) (-192 80 16 ) (0 80 16 ) 
4 32 74 (0 0 16 ) (0 0 1152 ) (-192 0 1152 ) (-192 0 16 ) 
4 32 36 (-192 0 576 ) (-192 0 1152 ) (-192 80 1152 ) (-192 80 576 ) 
4 32 35 (-160 0 16 ) (-192 0 16 ) (-192 48 16 ) (-160 48 16 ) 
4 32 34 (0 0 16 ) (-160 0 16 ) (-160 64 16 ) (0 64 16 ) 
4 32 33 (-160 80 16 ) (0 80 16 ) (0 64 16 ) (-160 64 16 ) 
4 33 34 (0 64 16 ) (-160 64 16 ) (-160 64 0 ) (0 64 0 ) 
4 34 75 (0 0 0 ) (0 0 16 ) (-160 0 16 ) (-160 0 0 ) 
4 34 35 (-160 48 0 ) (-160 0 0 ) (-160 0 16 ) (-160 48 16 ) 
4 35 76 (-160 0 16 ) (-192 0 16 ) (-192 0 0 ) (-160 0 0 ) 
4 36 79 (-1024 0 1152 ) (-1024 0 576 ) (-192 0 576 ) (-192 0 1152 ) 
4 36 43 (-1024 0 576 ) (-1024 0 1152 ) (-1024 448 1152 ) (-1024 448 576 ) 
4 36 42 (-1024 448 1152 ) (-1024 1024 1152 ) (-1024 1024 576 ) (-1024 448 576 ) 
4 36 37 (-256 1024 576 ) (-192 1024 576 ) (-192 448 576 ) (-256 448 576 ) 
4 36 38 (-1024 0 576 ) (-1024 1024 576 ) (-256 1024 576 ) (-256 0 576 ) 
4 37 39 (-256 448 -128 ) (-256 1024 -128 ) (-192 1024 -128 ) (-192 448 -128 ) 
4 37 38 (-256 1024 -128 ) (-256 448 -128 ) (-256 448 576 ) (-256 1024 576 ) 
4 38 81 (-1024 0 576 ) (-1024 0 -128 ) (-256 0 -128 ) (-256 0 576 ) 
4 38 43 (-1024 0 -128 ) (-1024 0 576 ) (-1024 448 576 ) (-1024 448 -128 ) 
4 38 42 (-1024 448 576 ) (-1024 1024 576 ) (-1024 1024 -128 ) (-1024 448 -128 ) 
4 38 39 (-1024 448 -128 ) (-1024 1024 -128 ) (-256 1024 -128 ) (-256 448 -128 ) 
4 39 42 (-1024 448 -128 ) (-1024 1024 -128 ) (-1024 1024 -1216 ) (-1024 448 -1216 ) 
4 39 40 (-1024 448 -1216 ) (0 448 -1216 ) (0 448 -256 ) (-1024 448 -256 ) 
4 40 82 (0 0 -1216 ) (0 0 -256 ) (-1024 0 -256 ) (-1024 0 -1216 ) 
4 40 44 (-1024 0 -1216 ) (-1024 0 -256 ) (-1024 448 -256 ) (-1024 448 -1216 ) 
4 41 45 (-1216 1024 1152 ) (-1536 1024 1152 ) (-1536 1024 -1216 ) (-1216 1024 -1216 ) 
4 41 42 (-1024 1024 -1216 ) (-1024 1024 1152 ) (-1216 1024 1152 ) (-1216 1024 -1216 ) 
4 42 45 (-1216 1024 -1216 ) (-1216 448 -1216 ) (-1216 448 1152 ) (-1216 1024 1152 ) 
4 42 43 (-1216 448 1152 ) (-1216 448 -128 ) (-1024 448 -128 ) (-1024 448 1152 ) 
4 42 44 (-1216 448 -256 ) (-1216 448 -1216 ) (-1024 448 -1216 ) (-1024 448 -256 ) 
4 43 85 (-1024 0 -128 ) (-1024 0 1152 ) (-1216 0 1152 ) (-1216 0 -128 ) 
4 43 45 (-1216 0 -128 ) (-1216 0 1152 ) (-1216 448 1152 ) (-1216 448 -128 ) 
4 44 86 (-1024 0 -1216 ) (-1024 0 -256 ) (-1216 0 -256 ) (-1216 0 -1216 ) 
4 44 45 (-1216 448 -1216 ) (-1216 0 -1216 ) (-1216 0 -256 ) (-1216 448 -256 ) 
4 45 88 (-1216 0 1152 ) (-1536 0 1152 ) (-1536 0 -1216 ) (-1216 0 -1216 ) 
4 46 70 (1664 -1024 1152 ) (1152 -1024 1152 ) (1152 -1024 -1216 ) (1664 -1024 -1216 ) 
4 46 47 (1152 -768 -128 ) (1152 -768 1152 ) (1152 0 1152 ) (1152 0 -128 ) 
4 46 48 (1152 0 -1216 ) (1152 -768 -1216 ) (1152 -768 -256 ) (1152 0 -256 ) 
4 46 49 (1152 -768 -1216 ) (1152 -1024 -1216 ) (1152 -1024 1152 ) (1152 -768 1152 ) 
4 47 66 (1024 -252 -128 ) (1024 -768 -128 ) (1024 -768 -16 ) (1024 -252 -16 ) 
4 47 59 (1024 -240 -128 ) (1024 -252 -128 ) (1024 -252 -16 ) (1024 -240 -16 ) 
4 47 57 (1024 0 -16 ) (1024 0 -128 ) (1024 -160 -128 ) (1024 -160 -16 ) 
4 47 58 (1024 -160 -128 ) (1024 -240 -128 ) (1024 -240 -16 ) (1024 -160 -16 ) 
4 47 52 (1024 0 -10 ) (1024 0 -16 ) (1024 -160 -16 ) (1024 -160 -10 ) 
4 47 50 (1024 0 1152 ) (1024 0 -10 ) (1024 -160 -10 ) (1024 -160 1152 ) 
4 47 53 (1024 -160 -16 ) (1024 -768 -16 ) (1024 -768 1152 ) (1024 -160 1152 ) 
4 47 49 (1152 -768 -128 ) (1152 -768 1152 ) (1024 -768 1152 ) (1024 -768 -128 ) 
4 48 69 (1024 0 -256 ) (1024 0 -1216 ) (1024 -768 -1216 ) (1024 -768 -256 ) 
4 48 49 (1024 -768 -1216 ) (1152 -768 -1216 ) (1152 -768 -256 ) (1024 -768 -256 ) 
4 49 70 (1152 -1024 1152 ) (1024 -1024 1152 ) (1024 -1024 -1216 ) (1152 -1024 -1216 ) 
4 49 69 (1024 -768 -1216 ) (1024 -1024 -1216 ) (1024 -1024 -256 ) (1024 -768 -256 ) 
4 49 68 (1024 -1024 -256 ) (1024 -1024 -128 ) (1024 -768 -128 ) (1024 -768 -256 ) 
4 49 66 (1024 -1024 -128 ) (1024 -1024 -16 ) (1024 -768 -16 ) (1024 -768 -128 ) 
4 49 53 (1024 -1024 -16 ) (1024 -1024 1152 ) (1024 -768 1152 ) (1024 -768 -16 ) 
4 50 52 (1024 -160 -10 ) (588 -160 -10 ) (588 0 -10 ) (1024 0 -10 ) 
4 50 51 (588 -160 -8 ) (588 -160 1152 ) (588 0 1152 ) (588 0 -8 ) 
4 50 53 (1024 -160 1152 ) (588 -160 1152 ) (588 -160 -10 ) (1024 -160 -10 ) 
4 51 54 (576 -160 0 ) (576 -160 1152 ) (576 0 1152 ) (576 0 0 ) 
4 51 53 (588 -160 1152 ) (576 -160 1152 ) (576 -160 -8 ) (588 -160 -8 ) 
4 52 57 (584.949097 0 -16 ) (1024 0 -16 ) (1024 -160 -16 ) (584.949097 -160 -16 ) 
4 52 53 (576 -160 -10 ) (584.949097 -160 -16 ) (1024 -160 -16 ) (1024 -160 -10 ) 
4 53 71 (1024 -1024 -16 ) (1024 -1024 1152 ) (576 -1024 1152 ) (576 -1024 -16 ) 
4 53 66 (1024 -1024 -16 ) (576 -1024 -16 ) (576 -252 -16 ) (1024 -252 -16 ) 
4 53 59 (576 -252 -16 ) (576 -240 -16 ) (1024 -240 -16 ) (1024 -252 -16 ) 
4 53 58 (576 -240 -16 ) (576 -160 -16 ) (1024 -160 -16 ) (1024 -240 -16 ) 
4 53 54 (576 -256 0 ) (576 -256 1152 ) (576 -160 1152 ) (576 -160 0 ) 
4 53 55 (576 -256 -16 ) (576 -1024 -16 ) (576 -1024 1152 ) (576 -256 1152 ) 
4 54 75 (0 0 16 ) (0 0 0 ) (0 -256 0 ) (0 -256 16 ) 
4 54 74 (0 0 1152 ) (0 0 16 ) (0 -256 16 ) (0 -256 1152 ) 
4 54 55 (576 -256 0 ) (576 -256 1152 ) (0 -256 1152 ) (0 -256 0 ) 
4 55 77 (0 -256 -16 ) (0 -272 -16 ) (0 -272 16 ) (0 -256 16 ) 
4 55 74 (0 -272 16 ) (0 -272 1152 ) (0 -256 1152 ) (0 -256 16 ) 
4 55 78 (0 -272 -16 ) (0 -1024 -16 ) (0 -1024 1152 ) (0 -272 1152 ) 
4 55 71 (0 -1024 1152 ) (0 -1024 -16 ) (576 -1024 -16 ) (576 -1024 1152 ) 
4 55 67 (32 -1024 -16 ) (0 -1024 -16 ) (0 -256 -16 ) (32 -256 -16 ) 
4 55 66 (576 -1024 -16 ) (32 -1024 -16 ) (32 -256 -16 ) (576 -256 -16 ) 
4 56 58 (560 -160 -16 ) (560 -160 -128 ) (740.266663 -160 -128 ) (576 -160 -16 ) 
4 57 58 (752 -160 -128 ) (1024 -160 -128 ) (1024 -160 -16 ) (584.949097 -160 -16 ) 
4 58 59 (560 -240 -128 ) (1024 -240 -128 ) (1024 -240 -16 ) (560 -240 -16 ) 
4 59 66 (496 -252 -128 ) (1024 -252 -128 ) (1024 -252 -16 ) (496 -252 -16 ) 
4 60 66 (424 -252 -128 ) (484 -252 -128 ) (484 -252 -16 ) (424 -252 -16 ) 
4 61 66 (348 -252 -128 ) (412 -252 -128 ) (412 -252 -16 ) (348 -252 -16 ) 
4 62 66 (272 -252 -128 ) (336 -252 -128 ) (336 -252 -16 ) (272 -252 -16 ) 
4 63 66 (196 -252 -128 ) (260 -252 -128 ) (260 -252 -16 ) (196 -252 -16 ) 
4 64 66 (120 -252 -128 ) (184 -252 -128 ) (184 -252 -16 ) (120 -252 -16 ) 
4 65 66 (44 -252 -128 ) (108 -252 -128 ) (108 -252 -16 ) (44 -252 -16 ) 
4 66 71 (1024 -1024 -128 ) (1024 -1024 -16 ) (32 -1024 -16 ) (32 -1024 -128 ) 
4 66 68 (1024 -768 -128 ) (1024 -1024 -128 ) (32 -1024 -128 ) (32 -768 -128 ) 
4 66 67 (32 -256 -128 ) (32 -1024 -128 ) (32 -1024 -16 ) (32 -256 -16 ) 
4 67 77 (0 -256 -128 ) (0 -272 -128 ) (0 -272 -16 ) (0 -256 -16 ) 
4 67 78 (0 -272 -128 ) (0 -1024 -128 ) (0 -1024 -16 ) (0 -272 -16 ) 
4 67 71 (32 -1024 -16 ) (0 -1024 -16 ) (0 -1024 -128 ) (32 -1024 -128 ) 
4 67 68 (32 -1024 -128 ) (0 -1024 -128 ) (0 -768 -128 ) (32 -768 -128 ) 
4 68 83 (0 -768 -256 ) (0 -1024 -256 ) (0 -1024 -128 ) (0 -768 -128 ) 
4 68 71 (1024 -1024 -256 ) (1024 -1024 -128 ) (0 -1024 -128 ) (0 -1024 -256 ) 
4 68 69 (1024 -1024 -256 ) (0 -1024 -256 ) (0 -768 -256 ) (1024 -768 -256 ) 
4 69 82 (0 0 -256 ) (0 0 -1216 ) (0 -768 -1216 ) (0 -768 -256 ) 
4 69 83 (0 -768 -1216 ) (0 -1024 -1216 ) (0 -1024 -256 ) (0 -768 -256 ) 
4 69 71 (1024 -1024 -1216 ) (1024 -1024 -256 ) (0 -1024 -256 ) (0 -1024 -1216 ) 
4 70 72 (1664 -2048 1152 ) (1024 -2048 1152 ) (1024 -2048 -1216 ) (1664 -2048 -1216 ) 
4 70 71 (1024 -1024 1152 ) (1024 -1024 -1216 ) (1024 -2048 -1216 ) (1024 -2048 1152 ) 
4 71 84 (0 -2048 -1216 ) (0 -2048 1152 ) (0 -1024 1152 ) (0 -1024 -1216 ) 
4 71 73 (1024 -2048 -1216 ) (1024 -2048 1152 ) (0 -2048 1152 ) (0 -2048 -1216 ) 
4 72 73 (1024 -2048 1152 ) (1024 -2048 -1216 ) (1024 -2240 -1216 ) (1024 -2240 1152 ) 
4 73 90 (0 -2240 1152 ) (0 -2048 1152 ) (0 -2048 -1216 ) (0 -2240 -1216 ) 
4 74 79 (-192 -272 576 ) (-192 -272 1152 ) (-192 0 1152 ) (-192 0 576 ) 
4 74 77 (0 -272 16 ) (-160 -272 16 ) (-160 -256 16 ) (0 -256 16 ) 
4 74 76 (-192 -240 16 ) (-192 0 16 ) (-160 0 16 ) (-160 -240 16 ) 
4 74 75 (-160 0 16 ) (0 0 16 ) (0 -256 16 ) (-160 -256 16 ) 
4 74 78 (0 -272 1152 ) (-192 -272 1152 ) (-192 -272 16 ) (0 -272 16 ) 
4 75 77 (0 -256 16 ) (-160 -256 16 ) (-160 -256 0 ) (0 -256 0 ) 
4 75 76 (-160 -240 16 ) (-160 0 16 ) (-160 0 0 ) (-160 -240 0 ) 
4 77 78 (-160 -272 -128 ) (0 -272 -128 ) (0 -272 16 ) (-160 -272 16 ) 
4 78 84 (0 -1024 -128 ) (0 -1024 1152 ) (-192 -1024 1152 ) (-192 -1024 -128 ) 
4 78 83 (0 -768 -128 ) (0 -1024 -128 ) (-192 -1024 -128 ) (-192 -768 -128 ) 
4 78 80 (-192 -768 -128 ) (-192 -1024 -128 ) (-192 -1024 576 ) (-192 -768 576 ) 
4 78 79 (-192 -1024 576 ) (-192 -1024 1152 ) (-192 -272 1152 ) (-192 -272 576 ) 
4 79 85 (-1024 0 1152 ) (-1024 0 576 ) (-1024 -768 576 ) (-1024 -768 1152 ) 
4 79 87 (-1024 -768 576 ) (-1024 -1024 576 ) (-1024 -1024 1152 ) (-1024 -768 1152 ) 
4 79 84 (-1024 -1024 1152 ) (-1024 -1024 576 ) (-192 -1024 576 ) (-192 -1024 1152 ) 
4 79 80 (-192 -768 576 ) (-192 -1024 576 ) (-256 -1024 576 ) (-256 -768 576 ) 
4 79 81 (-1024 -1024 576 ) (-1024 0 576 ) (-256 0 576 ) (-256 -1024 576 ) 
4 80 84 (-256 -1024 -128 ) (-192 -1024 -128 ) (-192 -1024 576 ) (-256 -1024 576 ) 
4 80 83 (-192 -768 -128 ) (-192 -1024 -128 ) (-256 -1024 -128 ) (-256 -768 -128 ) 
4 80 81 (-256 -768 -128 ) (-256 -1024 -128 ) (-256 -1024 576 ) (-256 -768 576 ) 
4 81 85 (-1024 0 576 ) (-1024 0 -128 ) (-1024 -768 -128 ) (-1024 -768 576 ) 
4 81 87 (-1024 -768 -128 ) (-1024 -1024 -128 ) (-1024 -1024 576 ) (-1024 -768 576 ) 
4 81 84 (-1024 -1024 576 ) (-1024 -1024 -128 ) (-256 -1024 -128 ) (-256 -1024 576 ) 
4 81 83 (-1024 -1024 -128 ) (-1024 -768 -128 ) (-256 -768 -128 ) (-256 -1024 -128 ) 
4 82 86 (-1024 0 -256 ) (-1024 0 -1216 ) (-1024 -768 -1216 ) (-1024 -768 -256 ) 
4 82 83 (-1024 -768 -1216 ) (0 -768 -1216 ) (0 -768 -256 ) (-1024 -768 -256 ) 
4 83 87 (-1024 -768 -1216 ) (-1024 -1024 -1216 ) (-1024 -1024 -128 ) (-1024 -768 -128 ) 
4 83 84 (0 -1024 -1216 ) (0 -1024 -128 ) (-1024 -1024 -128 ) (-1024 -1024 -1216 ) 
4 84 90 (0 -2048 -1216 ) (0 -2048 1152 ) (-1024 -2048 1152 ) (-1024 -2048 -1216 ) 
4 84 89 (-1024 -2048 -1216 ) (-1024 -2048 1152 ) (-1024 -1024 1152 ) (-1024 -1024 -1216 ) 
4 85 88 (-1216 -768 -128 ) (-1216 -768 1152 ) (-1216 0 1152 ) (-1216 0 -128 ) 
4 85 87 (-1216 -768 1152 ) (-1216 -768 -128 ) (-1024 -768 -128 ) (-1024 -768 1152 ) 
4 86 88 (-1216 0 -1216 ) (-1216 -768 -1216 ) (-1216 -768 -256 ) (-1216 0 -256 ) 
4 86 87 (-1216 -768 -256 ) (-1216 -768 -1216 ) (-1024 -768 -1216 ) (-1024 -768 -256 ) 
4 87 89 (-1024 -1024 -1216 ) (-1024 -1024 1152 ) (-1216 -1024 1152 ) (-1216 -1024 -1216 ) 
4 87 88 (-1216 -768 -1216 ) (-1216 -1024 -1216 ) (-1216 -1024 1152 ) (-1216 -768 1152 ) 
4 88 89 (-1216 -1024 1152 ) (-1536 -1024 1152 ) (-1536 -1024 -1216 ) (-1216 -1024 -1216 ) 
4 89 91 (-1024 -2048 -1216 ) (-1024 -2048 1152 ) (-1536 -2048 1152 ) (-1536 -2048 -1216 ) 
4 90 91 (-1024 -2048 1152 ) (-1024 -2048 -1216 ) (-1024 -2240 -1216 ) (-1024 -2240 1152 ) 
